2025-09-07 01:14:26,046 - bot_management - INFO - Attempt 1: Extracting folder size from link: https://mega.nz/folder/fAV2gK5C#lZtpVuSb0_aOefObARO-Mw
2025-09-07 01:14:26,118 - bot_management - INFO - Extracted folder info: 21.18 GB folder on MEGA
2025-09-07 01:14:26,120 - bot_management - INFO - MEGA folder size extracted successfully: 21.18 GB
2025-09-07 02:03:53,257 - bot_management - INFO - Attempt 1: Extracting folder size from link: https://mega.nz/folder/r8YRHJ7S#D7-uff1l2_PC_89oCv33DA
2025-09-07 02:03:53,315 - bot_management - INFO - Extracted folder info: 19.8 GB folder on MEGA
2025-09-07 02:03:53,318 - bot_management - INFO - MEGA folder size extracted successfully: 19.8 GB
2025-09-07 02:22:37,372 - bot_management - INFO - Attempt 1: Extracting folder size from link: https://mega.nz/folder/zgACiSYb#lQEzhRyZBJvgfkOiDpNzJg
2025-09-07 02:22:37,461 - bot_management - INFO - Extracted folder info: 1.41 GB folder on MEGA
2025-09-07 02:22:37,461 - bot_management - INFO - MEGA folder size extracted successfully: 1.41 GB
2025-09-07 04:44:54,355 - pyrogram.client - WARNING - [WatermarkingBot] No plugin loaded from "bot_management/plugins"
2025-09-07 04:44:54,356 - bot_management - INFO - BOT STARTED
2025-09-07 04:46:20,342 - bot_management - INFO - Attempt 1: Extracting folder size from link: https://mega.nz/folder/RQh1EIbD#GS7ahouBiOBQR-aOmcaYAw
2025-09-07 04:46:20,458 - bot_management - INFO - Extracted folder info: 31.44 GB folder on MEGA
2025-09-07 04:46:20,459 - bot_management - INFO - MEGA folder size extracted successfully: 31.44 GB
2025-09-07 04:49:42,484 - bot_management - INFO - Attempt 1: Extracting folder size from link: https://mega.nz/folder/2FFEyBzC#ld6Jq0ke0t1ju2ZugQBVlA
2025-09-07 04:49:42,573 - bot_management - INFO - Extracted folder info: 19.88 GB folder on MEGA
2025-09-07 04:49:42,574 - bot_management - INFO - MEGA folder size extracted successfully: 19.88 GB
2025-09-07 04:52:12,662 - bot_management - INFO - Attempt 1: Extracting folder size from link: https://mega.nz/folder/X5QSiaBK#TazwWrqNU--R31U7dWvCQA
2025-09-07 04:52:12,805 - bot_management - INFO - Extracted folder info: 11.59 GB folder on MEGA
2025-09-07 04:52:12,806 - bot_management - INFO - MEGA folder size extracted successfully: 11.59 GB
2025-09-07 05:36:32,925 - pyrogram.client - WARNING - [WatermarkingBot] No plugin loaded from "bot_management/plugins"
2025-09-07 05:36:32,926 - bot_management - INFO - BOT STARTED
2025-09-07 05:37:28,016 - bot_management - INFO - Attempt 1: Extracting folder size from link: https://mega.nz/folder/RQh1EIbD#GS7ahouBiOBQR-aOmcaYAw
2025-09-07 05:37:28,071 - bot_management - INFO - Extracted folder info: 31.44 GB folder on MEGA
2025-09-07 05:37:28,072 - bot_management - INFO - MEGA folder size extracted successfully: 31.44 GB
2025-09-07 05:40:15,825 - bot_management - INFO - Attempt 1: Extracting folder size from link: https://mega.nz/folder/qJNEBYSL#Wn9ScLCMzLDWfe6D3uYf0Q
2025-09-07 05:40:15,891 - bot_management - INFO - Extracted folder info: 19.88 GB folder on MEGA
2025-09-07 05:40:15,892 - bot_management - INFO - MEGA folder size extracted successfully: 19.88 GB
2025-09-07 05:41:58,212 - bot_management - INFO - Attempt 1: Extracting folder size from link: https://mega.nz/folder/KLQEBJIY#jcVp0A0rll5NEG0fO-bBUg
2025-09-07 05:41:58,283 - bot_management - INFO - Extracted folder info: 9.14 MB folder on MEGA
2025-09-07 05:41:58,284 - bot_management - INFO - MEGA folder size extracted successfully: 0.00892578125 GB
2025-09-07 05:43:16,218 - bot_management - INFO - Attempt 1: Extracting folder size from link: https://mega.nz/folder/6wxHELTJ#WrGFy7ZjJ5JQjFCLRHPqqw
2025-09-07 05:43:16,296 - bot_management - INFO - Extracted folder info: 31.44 GB folder on MEGA
2025-09-07 05:43:16,297 - bot_management - INFO - MEGA folder size extracted successfully: 31.44 GB
2025-09-07 05:46:00,477 - bot_management - INFO - Attempt 1: Extracting folder size from link: https://mega.nz/folder/mZtglLIZ#PPEczgD_GhtGF0o5FzXU3w
2025-09-07 05:46:00,584 - bot_management - INFO - Extracted folder info: 19.88 GB folder on MEGA
2025-09-07 05:46:00,585 - bot_management - INFO - MEGA folder size extracted successfully: 19.88 GB
2025-09-07 05:47:52,986 - bot_management - INFO - Attempt 1: Extracting folder size from link: https://mega.nz/folder/DGw3EKoB#nbd6hxQ9LRBXK1SsL04AWw
2025-09-07 05:47:53,171 - bot_management - INFO - Extracted folder info: 11.59 GB folder on MEGA
2025-09-07 05:47:53,172 - bot_management - INFO - MEGA folder size extracted successfully: 11.59 GB
2025-09-07 05:49:27,187 - bot_management - INFO - Attempt 1: Extracting folder size from link: https://mega.nz/folder/pEIUEYLJ#BG7WfPgdf24R89PWl_AwuQ
2025-09-07 05:49:27,241 - bot_management - INFO - Extracted folder info: 54.15 GB folder on MEGA
2025-09-07 05:49:27,242 - bot_management - INFO - MEGA folder size extracted successfully: 54.15 GB
2025-09-07 06:00:05,056 - bot_management - INFO - Attempt 1: Extracting folder size from link: https://mega.nz/folder/GQEFwLQC#3wdfY8IX1zGDaFlXdxim-w
2025-09-07 06:00:05,243 - bot_management - INFO - Extracted folder info: 19.92 GB folder on MEGA
2025-09-07 06:00:05,259 - bot_management - INFO - MEGA folder size extracted successfully: 19.92 GB
2025-09-07 06:05:12,289 - bot_management - INFO - Attempt 1: Extracting folder size from link: https://mega.nz/folder/zgg3CR4a#by4KKICAGnPQ2R4XTfsFAA
2025-09-07 06:05:12,367 - bot_management - INFO - Extracted folder info: 19.91 GB folder on MEGA
2025-09-07 06:05:12,368 - bot_management - INFO - MEGA folder size extracted successfully: 19.91 GB
2025-09-07 06:10:05,240 - bot_management - INFO - Attempt 1: Extracting folder size from link: https://mega.nz/folder/WeYBnCpT#3FWtJBf_pEW-D-U1vusIwA
2025-09-07 06:10:05,379 - bot_management - INFO - Extracted folder info: 14.36 GB folder on MEGA
2025-09-07 06:10:05,384 - bot_management - INFO - MEGA folder size extracted successfully: 14.36 GB
